2024-03-01 09:46:53,806 [Worker-5: Loading available Gradle versions] INFO  o.e.b.c.i.u.g.PublishedGradleVersions - Gradle version information cache is up-to-date. Trying to read.
2024-03-01 09:53:02,629 [Worker-27: Launching mavenrun-01469875-4101-45ab-9efd-916782433d1e] INFO  o.eclipse.m2e.core.internal.Bundles - getClasspathEntries(Bundle=org.eclipse.m2e.maven.runtime_3.9.600.20231203-1234 [536])
2024-03-01 09:53:02,631 [Worker-27: Launching mavenrun-01469875-4101-45ab-9efd-916782433d1e] INFO  o.eclipse.m2e.core.internal.Bundles - 	Entry: C:\Users\Sameer-PC\.p2\pool\plugins\org.eclipse.m2e.maven.runtime_3.9.600.20231203-1234
2024-03-01 09:53:02,632 [Worker-27: Launching mavenrun-01469875-4101-45ab-9efd-916782433d1e] INFO  o.eclipse.m2e.core.internal.Bundles - 	Entry: C:\Users\Sameer-PC\.p2\pool\plugins\org.eclipse.m2e.maven.runtime_3.9.600.20231203-1234\jars\aopalliance-1.0.jar
2024-03-01 09:53:02,633 [Worker-27: Launching mavenrun-01469875-4101-45ab-9efd-916782433d1e] INFO  o.eclipse.m2e.core.internal.Bundles - 	Entry: C:\Users\Sameer-PC\.p2\pool\plugins\org.eclipse.m2e.maven.runtime_3.9.600.20231203-1234\jars\guice-5.1.0.jar
2024-03-01 09:53:02,633 [Worker-27: Launching mavenrun-01469875-4101-45ab-9efd-916782433d1e] INFO  o.eclipse.m2e.core.internal.Bundles - 	Entry: C:\Users\Sameer-PC\.p2\pool\plugins\org.eclipse.m2e.maven.runtime_3.9.600.20231203-1234\jars\httpclient-4.5.14.jar
2024-03-01 09:53:02,633 [Worker-27: Launching mavenrun-01469875-4101-45ab-9efd-916782433d1e] INFO  o.eclipse.m2e.core.internal.Bundles - 	Entry: C:\Users\Sameer-PC\.p2\pool\plugins\org.eclipse.m2e.maven.runtime_3.9.600.20231203-1234\jars\httpcore-4.4.16.jar
2024-03-01 09:53:02,633 [Worker-27: Launching mavenrun-01469875-4101-45ab-9efd-916782433d1e] INFO  o.eclipse.m2e.core.internal.Bundles - 	Entry: C:\Users\Sameer-PC\.p2\pool\plugins\org.eclipse.m2e.maven.runtime_3.9.600.20231203-1234\jars\jansi-2.4.0.jar
2024-03-01 09:53:02,633 [Worker-27: Launching mavenrun-01469875-4101-45ab-9efd-916782433d1e] INFO  o.eclipse.m2e.core.internal.Bundles - 	Entry: C:\Users\Sameer-PC\.p2\pool\plugins\org.eclipse.m2e.maven.runtime_3.9.600.20231203-1234\jars\jcl-over-slf4j-1.7.36.jar
2024-03-01 09:53:02,633 [Worker-27: Launching mavenrun-01469875-4101-45ab-9efd-916782433d1e] INFO  o.eclipse.m2e.core.internal.Bundles - 	Entry: C:\Users\Sameer-PC\.p2\pool\plugins\org.eclipse.m2e.maven.runtime_3.9.600.20231203-1234\jars\maven-artifact-3.9.6.jar
2024-03-01 09:53:02,633 [Worker-27: Launching mavenrun-01469875-4101-45ab-9efd-916782433d1e] INFO  o.eclipse.m2e.core.internal.Bundles - 	Entry: C:\Users\Sameer-PC\.p2\pool\plugins\org.eclipse.m2e.maven.runtime_3.9.600.20231203-1234\jars\maven-builder-support-3.9.6.jar
2024-03-01 09:53:02,633 [Worker-27: Launching mavenrun-01469875-4101-45ab-9efd-916782433d1e] INFO  o.eclipse.m2e.core.internal.Bundles - 	Entry: C:\Users\Sameer-PC\.p2\pool\plugins\org.eclipse.m2e.maven.runtime_3.9.600.20231203-1234\jars\maven-compat-3.9.6.jar
2024-03-01 09:53:02,634 [Worker-27: Launching mavenrun-01469875-4101-45ab-9efd-916782433d1e] INFO  o.eclipse.m2e.core.internal.Bundles - 	Entry: C:\Users\Sameer-PC\.p2\pool\plugins\org.eclipse.m2e.maven.runtime_3.9.600.20231203-1234\jars\maven-core-3.9.6.jar
2024-03-01 09:53:02,634 [Worker-27: Launching mavenrun-01469875-4101-45ab-9efd-916782433d1e] INFO  o.eclipse.m2e.core.internal.Bundles - 	Entry: C:\Users\Sameer-PC\.p2\pool\plugins\org.eclipse.m2e.maven.runtime_3.9.600.20231203-1234\jars\maven-embedder-3.9.6.jar
2024-03-01 09:53:02,634 [Worker-27: Launching mavenrun-01469875-4101-45ab-9efd-916782433d1e] INFO  o.eclipse.m2e.core.internal.Bundles - 	Entry: C:\Users\Sameer-PC\.p2\pool\plugins\org.eclipse.m2e.maven.runtime_3.9.600.20231203-1234\jars\maven-model-3.9.6.jar
2024-03-01 09:53:02,634 [Worker-27: Launching mavenrun-01469875-4101-45ab-9efd-916782433d1e] INFO  o.eclipse.m2e.core.internal.Bundles - 	Entry: C:\Users\Sameer-PC\.p2\pool\plugins\org.eclipse.m2e.maven.runtime_3.9.600.20231203-1234\jars\maven-model-builder-3.9.6.jar
2024-03-01 09:53:02,634 [Worker-27: Launching mavenrun-01469875-4101-45ab-9efd-916782433d1e] INFO  o.eclipse.m2e.core.internal.Bundles - 	Entry: C:\Users\Sameer-PC\.p2\pool\plugins\org.eclipse.m2e.maven.runtime_3.9.600.20231203-1234\jars\maven-plugin-api-3.9.6.jar
2024-03-01 09:53:02,634 [Worker-27: Launching mavenrun-01469875-4101-45ab-9efd-916782433d1e] INFO  o.eclipse.m2e.core.internal.Bundles - 	Entry: C:\Users\Sameer-PC\.p2\pool\plugins\org.eclipse.m2e.maven.runtime_3.9.600.20231203-1234\jars\maven-repository-metadata-3.9.6.jar
2024-03-01 09:53:02,634 [Worker-27: Launching mavenrun-01469875-4101-45ab-9efd-916782433d1e] INFO  o.eclipse.m2e.core.internal.Bundles - 	Entry: C:\Users\Sameer-PC\.p2\pool\plugins\org.eclipse.m2e.maven.runtime_3.9.600.20231203-1234\jars\maven-resolver-api-1.9.18.jar
2024-03-01 09:53:02,634 [Worker-27: Launching mavenrun-01469875-4101-45ab-9efd-916782433d1e] INFO  o.eclipse.m2e.core.internal.Bundles - 	Entry: C:\Users\Sameer-PC\.p2\pool\plugins\org.eclipse.m2e.maven.runtime_3.9.600.20231203-1234\jars\maven-resolver-connector-basic-1.9.18.jar
2024-03-01 09:53:02,635 [Worker-27: Launching mavenrun-01469875-4101-45ab-9efd-916782433d1e] INFO  o.eclipse.m2e.core.internal.Bundles - 	Entry: C:\Users\Sameer-PC\.p2\pool\plugins\org.eclipse.m2e.maven.runtime_3.9.600.20231203-1234\jars\maven-resolver-impl-1.9.18.jar
2024-03-01 09:53:02,635 [Worker-27: Launching mavenrun-01469875-4101-45ab-9efd-916782433d1e] INFO  o.eclipse.m2e.core.internal.Bundles - 	Entry: C:\Users\Sameer-PC\.p2\pool\plugins\org.eclipse.m2e.maven.runtime_3.9.600.20231203-1234\jars\maven-resolver-named-locks-1.9.18.jar
2024-03-01 09:53:02,635 [Worker-27: Launching mavenrun-01469875-4101-45ab-9efd-916782433d1e] INFO  o.eclipse.m2e.core.internal.Bundles - 	Entry: C:\Users\Sameer-PC\.p2\pool\plugins\org.eclipse.m2e.maven.runtime_3.9.600.20231203-1234\jars\maven-resolver-provider-3.9.6.jar
2024-03-01 09:53:02,635 [Worker-27: Launching mavenrun-01469875-4101-45ab-9efd-916782433d1e] INFO  o.eclipse.m2e.core.internal.Bundles - 	Entry: C:\Users\Sameer-PC\.p2\pool\plugins\org.eclipse.m2e.maven.runtime_3.9.600.20231203-1234\jars\maven-resolver-spi-1.9.18.jar
2024-03-01 09:53:02,635 [Worker-27: Launching mavenrun-01469875-4101-45ab-9efd-916782433d1e] INFO  o.eclipse.m2e.core.internal.Bundles - 	Entry: C:\Users\Sameer-PC\.p2\pool\plugins\org.eclipse.m2e.maven.runtime_3.9.600.20231203-1234\jars\maven-resolver-transport-file-1.9.18.jar
2024-03-01 09:53:02,635 [Worker-27: Launching mavenrun-01469875-4101-45ab-9efd-916782433d1e] INFO  o.eclipse.m2e.core.internal.Bundles - 	Entry: C:\Users\Sameer-PC\.p2\pool\plugins\org.eclipse.m2e.maven.runtime_3.9.600.20231203-1234\jars\maven-resolver-transport-http-1.9.18.jar
2024-03-01 09:53:02,635 [Worker-27: Launching mavenrun-01469875-4101-45ab-9efd-916782433d1e] INFO  o.eclipse.m2e.core.internal.Bundles - 	Entry: C:\Users\Sameer-PC\.p2\pool\plugins\org.eclipse.m2e.maven.runtime_3.9.600.20231203-1234\jars\maven-resolver-transport-wagon-1.9.18.jar
2024-03-01 09:53:02,635 [Worker-27: Launching mavenrun-01469875-4101-45ab-9efd-916782433d1e] INFO  o.eclipse.m2e.core.internal.Bundles - 	Entry: C:\Users\Sameer-PC\.p2\pool\plugins\org.eclipse.m2e.maven.runtime_3.9.600.20231203-1234\jars\maven-resolver-util-1.9.18.jar
2024-03-01 09:53:02,636 [Worker-27: Launching mavenrun-01469875-4101-45ab-9efd-916782433d1e] INFO  o.eclipse.m2e.core.internal.Bundles - 	Entry: C:\Users\Sameer-PC\.p2\pool\plugins\org.eclipse.m2e.maven.runtime_3.9.600.20231203-1234\jars\maven-settings-3.9.6.jar
2024-03-01 09:53:02,636 [Worker-27: Launching mavenrun-01469875-4101-45ab-9efd-916782433d1e] INFO  o.eclipse.m2e.core.internal.Bundles - 	Entry: C:\Users\Sameer-PC\.p2\pool\plugins\org.eclipse.m2e.maven.runtime_3.9.600.20231203-1234\jars\maven-settings-builder-3.9.6.jar
2024-03-01 09:53:02,636 [Worker-27: Launching mavenrun-01469875-4101-45ab-9efd-916782433d1e] INFO  o.eclipse.m2e.core.internal.Bundles - 	Entry: C:\Users\Sameer-PC\.p2\pool\plugins\org.eclipse.m2e.maven.runtime_3.9.600.20231203-1234\jars\maven-shared-utils-3.3.4.jar
2024-03-01 09:53:02,636 [Worker-27: Launching mavenrun-01469875-4101-45ab-9efd-916782433d1e] INFO  o.eclipse.m2e.core.internal.Bundles - 	Entry: C:\Users\Sameer-PC\.p2\pool\plugins\org.eclipse.m2e.maven.runtime_3.9.600.20231203-1234\jars\org.eclipse.sisu.inject-0.9.0.M2.jar
2024-03-01 09:53:02,636 [Worker-27: Launching mavenrun-01469875-4101-45ab-9efd-916782433d1e] INFO  o.eclipse.m2e.core.internal.Bundles - 	Entry: C:\Users\Sameer-PC\.p2\pool\plugins\org.eclipse.m2e.maven.runtime_3.9.600.20231203-1234\jars\org.eclipse.sisu.plexus-0.9.0.M2.jar
2024-03-01 09:53:02,636 [Worker-27: Launching mavenrun-01469875-4101-45ab-9efd-916782433d1e] INFO  o.eclipse.m2e.core.internal.Bundles - 	Entry: C:\Users\Sameer-PC\.p2\pool\plugins\org.eclipse.m2e.maven.runtime_3.9.600.20231203-1234\jars\plexus-build-api-0.0.7.jar
2024-03-01 09:53:02,636 [Worker-27: Launching mavenrun-01469875-4101-45ab-9efd-916782433d1e] INFO  o.eclipse.m2e.core.internal.Bundles - 	Entry: C:\Users\Sameer-PC\.p2\pool\plugins\org.eclipse.m2e.maven.runtime_3.9.600.20231203-1234\jars\plexus-cipher-2.0.jar
2024-03-01 09:53:02,636 [Worker-27: Launching mavenrun-01469875-4101-45ab-9efd-916782433d1e] INFO  o.eclipse.m2e.core.internal.Bundles - 	Entry: C:\Users\Sameer-PC\.p2\pool\plugins\org.eclipse.m2e.maven.runtime_3.9.600.20231203-1234\jars\plexus-classworlds-2.7.0.jar
2024-03-01 09:53:02,637 [Worker-27: Launching mavenrun-01469875-4101-45ab-9efd-916782433d1e] INFO  o.eclipse.m2e.core.internal.Bundles - 	Entry: C:\Users\Sameer-PC\.p2\pool\plugins\org.eclipse.m2e.maven.runtime_3.9.600.20231203-1234\jars\plexus-component-annotations-2.1.0.jar
2024-03-01 09:53:02,637 [Worker-27: Launching mavenrun-01469875-4101-45ab-9efd-916782433d1e] INFO  o.eclipse.m2e.core.internal.Bundles - 	Entry: C:\Users\Sameer-PC\.p2\pool\plugins\org.eclipse.m2e.maven.runtime_3.9.600.20231203-1234\jars\plexus-interpolation-1.26.jar
2024-03-01 09:53:02,637 [Worker-27: Launching mavenrun-01469875-4101-45ab-9efd-916782433d1e] INFO  o.eclipse.m2e.core.internal.Bundles - 	Entry: C:\Users\Sameer-PC\.p2\pool\plugins\org.eclipse.m2e.maven.runtime_3.9.600.20231203-1234\jars\plexus-sec-dispatcher-2.0.jar
2024-03-01 09:53:02,637 [Worker-27: Launching mavenrun-01469875-4101-45ab-9efd-916782433d1e] INFO  o.eclipse.m2e.core.internal.Bundles - 	Entry: C:\Users\Sameer-PC\.p2\pool\plugins\org.eclipse.m2e.maven.runtime_3.9.600.20231203-1234\jars\plexus-utils-3.5.1.jar
2024-03-01 09:53:02,637 [Worker-27: Launching mavenrun-01469875-4101-45ab-9efd-916782433d1e] INFO  o.eclipse.m2e.core.internal.Bundles - 	Entry: C:\Users\Sameer-PC\.p2\pool\plugins\org.eclipse.m2e.maven.runtime_3.9.600.20231203-1234\jars\wagon-file-3.5.3.jar
2024-03-01 09:53:02,637 [Worker-27: Launching mavenrun-01469875-4101-45ab-9efd-916782433d1e] INFO  o.eclipse.m2e.core.internal.Bundles - 	Entry: C:\Users\Sameer-PC\.p2\pool\plugins\org.eclipse.m2e.maven.runtime_3.9.600.20231203-1234\jars\wagon-http-3.5.3.jar
2024-03-01 09:53:02,637 [Worker-27: Launching mavenrun-01469875-4101-45ab-9efd-916782433d1e] INFO  o.eclipse.m2e.core.internal.Bundles - 	Entry: C:\Users\Sameer-PC\.p2\pool\plugins\org.eclipse.m2e.maven.runtime_3.9.600.20231203-1234\jars\wagon-http-shared-3.5.3.jar
2024-03-01 09:53:02,637 [Worker-27: Launching mavenrun-01469875-4101-45ab-9efd-916782433d1e] INFO  o.eclipse.m2e.core.internal.Bundles - 	Entry: C:\Users\Sameer-PC\.p2\pool\plugins\org.eclipse.m2e.maven.runtime_3.9.600.20231203-1234\jars\wagon-provider-api-3.5.3.jar
2024-03-01 09:53:02,639 [Worker-27: Launching mavenrun-01469875-4101-45ab-9efd-916782433d1e] INFO  o.eclipse.m2e.core.internal.Bundles - getClasspathEntries(Bundle=com.google.guava_32.1.3.jre [10])
2024-03-01 09:53:02,639 [Worker-27: Launching mavenrun-01469875-4101-45ab-9efd-916782433d1e] INFO  o.eclipse.m2e.core.internal.Bundles - 	Entry: C:\Users\Sameer-PC\.p2\pool\plugins\com.google.guava_32.1.3.jre.jar
2024-03-01 09:53:02,640 [Worker-27: Launching mavenrun-01469875-4101-45ab-9efd-916782433d1e] INFO  o.eclipse.m2e.core.internal.Bundles - getClasspathEntries(Bundle=slf4j.api_2.0.12 [515])
2024-03-01 09:53:02,640 [Worker-27: Launching mavenrun-01469875-4101-45ab-9efd-916782433d1e] INFO  o.eclipse.m2e.core.internal.Bundles - 	Entry: C:\Users\Sameer-PC\.p2\pool\plugins\slf4j.api_2.0.12.jar
2024-03-01 09:53:02,640 [Worker-27: Launching mavenrun-01469875-4101-45ab-9efd-916782433d1e] INFO  o.eclipse.m2e.core.internal.Bundles - getClasspathEntries(Bundle=jakarta.inject.jakarta.inject-api_1.0.5 [22])
2024-03-01 09:53:02,640 [Worker-27: Launching mavenrun-01469875-4101-45ab-9efd-916782433d1e] INFO  o.eclipse.m2e.core.internal.Bundles - 	Entry: C:\Users\Sameer-PC\.p2\pool\plugins\jakarta.inject.jakarta.inject-api_1.0.5.jar
2024-03-01 09:53:02,640 [Worker-27: Launching mavenrun-01469875-4101-45ab-9efd-916782433d1e] INFO  o.eclipse.m2e.core.internal.Bundles - getClasspathEntries(Bundle=jakarta.annotation-api_1.3.5 [20])
2024-03-01 09:53:02,641 [Worker-27: Launching mavenrun-01469875-4101-45ab-9efd-916782433d1e] INFO  o.eclipse.m2e.core.internal.Bundles - 	Entry: C:\Users\Sameer-PC\.p2\pool\plugins\jakarta.annotation-api_1.3.5.jar
2024-03-01 09:53:02,641 [Worker-27: Launching mavenrun-01469875-4101-45ab-9efd-916782433d1e] INFO  o.eclipse.m2e.core.internal.Bundles - getClasspathEntries(Bundle=org.apache.commons.cli_1.6.0 [46])
2024-03-01 09:53:02,641 [Worker-27: Launching mavenrun-01469875-4101-45ab-9efd-916782433d1e] INFO  o.eclipse.m2e.core.internal.Bundles - 	Entry: C:\Users\Sameer-PC\.p2\pool\plugins\org.apache.commons.cli_1.6.0.jar
2024-03-01 09:53:02,641 [Worker-27: Launching mavenrun-01469875-4101-45ab-9efd-916782433d1e] INFO  o.eclipse.m2e.core.internal.Bundles - getClasspathEntries(Bundle=org.apache.commons.commons-codec_1.16.0 [48])
2024-03-01 09:53:02,641 [Worker-27: Launching mavenrun-01469875-4101-45ab-9efd-916782433d1e] INFO  o.eclipse.m2e.core.internal.Bundles - 	Entry: C:\Users\Sameer-PC\.p2\pool\plugins\org.apache.commons.commons-codec_1.16.0.jar
2024-03-01 09:53:02,641 [Worker-27: Launching mavenrun-01469875-4101-45ab-9efd-916782433d1e] INFO  o.eclipse.m2e.core.internal.Bundles - getClasspathEntries(Bundle=org.apache.commons.lang3_3.14.0 [526])
2024-03-01 09:53:02,641 [Worker-27: Launching mavenrun-01469875-4101-45ab-9efd-916782433d1e] INFO  o.eclipse.m2e.core.internal.Bundles - 	Entry: C:\Users\Sameer-PC\.p2\pool\plugins\org.apache.commons.lang3_3.14.0.jar
2024-03-01 09:53:02,641 [Worker-27: Launching mavenrun-01469875-4101-45ab-9efd-916782433d1e] INFO  o.eclipse.m2e.core.internal.Bundles - getClasspathEntries(Bundle=com.google.guava.failureaccess_1.0.2 [11])
2024-03-01 09:53:02,641 [Worker-27: Launching mavenrun-01469875-4101-45ab-9efd-916782433d1e] INFO  o.eclipse.m2e.core.internal.Bundles - 	Entry: C:\Users\Sameer-PC\.p2\pool\plugins\com.google.guava.failureaccess_1.0.2.jar
2024-03-01 09:53:02,647 [Worker-27: Launching mavenrun-01469875-4101-45ab-9efd-916782433d1e] INFO  o.e.m.i.launch.MavenLaunchDelegate - Run build in "C:\Users\SAMEER~1\AppData\Local\Temp\m2e-archetypeGenerator13556066749898933708":
2024-03-01 09:53:02,650 [Worker-27: Launching mavenrun-01469875-4101-45ab-9efd-916782433d1e] INFO  o.e.m.i.launch.MavenLaunchDelegate -  mvn  -DarchetypeGroupId=org.apache.maven.archetypes -DarchetypeArtifactId=maven-archetype-quickstart -DarchetypeVersion=1.1 -DgroupId=com.springcore -DartifactId=springcore -Dversion=0.0.1-SNAPSHOT -Dpackage=com.springcore -DoutputDirectory=E:\Spring -Dstyle.color=always -U archetype:generate
2024-03-01 09:53:15,971 [Worker-3: Creating maven-archetype-quickstart] INFO  o.e.m.c.i.p.ProjectConfigurationManager - Collecting project info '/pom.xml' E:\Spring\springcore\pom.xml
2024-03-01 09:53:16,463 [Worker-3: Creating maven-archetype-quickstart] INFO  o.e.m.c.i.l.LifecycleMappingFactory - Using org.eclipse.m2e.jdt.JarLifecycleMapping lifecycle mapping for MavenProject: com.springcore:springcore:0.0.1-SNAPSHOT @ E:\Spring\springcore\pom.xml.
2024-03-01 09:53:17,048 [Worker-3: Creating maven-archetype-quickstart] INFO  o.e.m.j.i.AbstractJavaProjectConfigurator - Adding source folder /springcore/src/main/java
2024-03-01 09:53:17,050 [Worker-3: Creating maven-archetype-quickstart] INFO  o.e.m.j.i.AbstractJavaProjectConfigurator - Adding resource folder /springcore/src/main/resources
2024-03-01 09:53:17,056 [Worker-3: Creating maven-archetype-quickstart] INFO  o.e.m.j.i.AbstractJavaProjectConfigurator - Adding source folder /springcore/src/test/java
2024-03-01 09:53:17,057 [Worker-3: Creating maven-archetype-quickstart] INFO  o.e.m.j.i.AbstractJavaProjectConfigurator - Adding resource folder /springcore/src/test/resources
2024-03-01 09:53:17,214 [Worker-3: Creating maven-archetype-quickstart] INFO  o.e.m.c.i.p.ProjectConfigurationManager - Imported and configured 1 project(s) in 1 sec
2024-03-01 09:53:17,839 [Worker-3: Building] INFO  o.a.m.s.f.DefaultMavenResourcesFiltering - skip non existing resourceDirectory E:\Spring\springcore\src\main\resources
2024-03-01 09:53:17,843 [Worker-3: Building] INFO  o.a.m.s.f.DefaultMavenResourcesFiltering - skip non existing resourceDirectory E:\Spring\springcore\src\test\resources
2024-03-01 09:55:24,048 [Worker-53: Building] INFO  o.e.m.c.i.l.LifecycleMappingFactory - Using org.eclipse.m2e.jdt.JarLifecycleMapping lifecycle mapping for MavenProject: com.springcore:springcore:0.0.1-SNAPSHOT @ E:\Spring\springcore\pom.xml.
2024-03-01 09:55:24,114 [Worker-53: Building] INFO  o.e.m.c.i.e.AbstractTransferListenerAdapter - Downloading https://repo.maven.apache.org/maven2/org/springframework/spring-core/5.2.3.RELEASE/spring-core-5.2.3.RELEASE.pom
2024-03-01 09:55:24,172 [Worker-53: Building] INFO  o.e.m.c.i.e.AbstractTransferListenerAdapter - Downloaded https://repo.maven.apache.org/maven2/org/springframework/spring-core/5.2.3.RELEASE/spring-core-5.2.3.RELEASE.pom
2024-03-01 09:55:24,190 [Worker-53: Building] INFO  o.e.m.c.i.e.AbstractTransferListenerAdapter - Downloading https://repo.maven.apache.org/maven2/org/springframework/spring-jcl/5.2.3.RELEASE/spring-jcl-5.2.3.RELEASE.pom
2024-03-01 09:55:24,210 [Worker-53: Building] INFO  o.e.m.c.i.e.AbstractTransferListenerAdapter - Downloaded https://repo.maven.apache.org/maven2/org/springframework/spring-jcl/5.2.3.RELEASE/spring-jcl-5.2.3.RELEASE.pom
2024-03-01 09:55:24,247 [Worker-53: Building] INFO  o.e.m.c.i.e.AbstractTransferListenerAdapter - Downloading https://repo.maven.apache.org/maven2/org/springframework/spring-core/5.2.3.RELEASE/spring-core-5.2.3.RELEASE.jar
2024-03-01 09:55:24,682 [Worker-53: Building] INFO  o.e.m.c.i.e.AbstractTransferListenerAdapter - Downloaded https://repo.maven.apache.org/maven2/org/springframework/spring-core/5.2.3.RELEASE/spring-core-5.2.3.RELEASE.jar
2024-03-01 09:55:24,695 [BasicRepositoryConnector-repo.maven.apache.org-0-0] INFO  o.e.m.c.i.e.AbstractTransferListenerAdapter - Downloading https://repo.maven.apache.org/maven2/org/springframework/spring-jcl/5.2.3.RELEASE/spring-jcl-5.2.3.RELEASE.jar
2024-03-01 09:55:24,927 [BasicRepositoryConnector-repo.maven.apache.org-0-0] INFO  o.e.m.c.i.e.AbstractTransferListenerAdapter - Downloaded https://repo.maven.apache.org/maven2/org/springframework/spring-jcl/5.2.3.RELEASE/spring-jcl-5.2.3.RELEASE.jar
2024-03-01 09:55:25,121 [Worker-53: Building] INFO  o.a.m.s.f.DefaultMavenResourcesFiltering - skip non existing resourceDirectory E:\Spring\springcore\src\main\resources
2024-03-01 09:55:25,124 [Worker-53: Building] INFO  o.a.m.s.f.DefaultMavenResourcesFiltering - skip non existing resourceDirectory E:\Spring\springcore\src\test\resources
2024-03-01 09:55:26,001 [Worker-41: Download sources and javadoc] INFO  o.e.m.c.i.e.AbstractTransferListenerAdapter - Downloading https://repo.maven.apache.org/maven2/org/springframework/spring-core/5.2.3.RELEASE/spring-core-5.2.3.RELEASE-sources.jar
2024-03-01 09:55:26,284 [Worker-41: Download sources and javadoc] INFO  o.e.m.c.i.e.AbstractTransferListenerAdapter - Downloaded https://repo.maven.apache.org/maven2/org/springframework/spring-core/5.2.3.RELEASE/spring-core-5.2.3.RELEASE-sources.jar
2024-03-01 09:55:26,288 [Worker-41: Download sources and javadoc] INFO  o.e.m.j.internal.DownloadSourcesJob - Downloaded sources for org.springframework:spring-core:5.2.3.RELEASE
2024-03-01 09:55:26,316 [Worker-41: Download sources and javadoc] INFO  o.e.m.c.i.e.AbstractTransferListenerAdapter - Downloading https://repo.maven.apache.org/maven2/org/springframework/spring-jcl/5.2.3.RELEASE/spring-jcl-5.2.3.RELEASE-sources.jar
2024-03-01 09:55:26,449 [Worker-41: Download sources and javadoc] INFO  o.e.m.c.i.e.AbstractTransferListenerAdapter - Downloaded https://repo.maven.apache.org/maven2/org/springframework/spring-jcl/5.2.3.RELEASE/spring-jcl-5.2.3.RELEASE-sources.jar
2024-03-01 09:55:26,452 [Worker-41: Download sources and javadoc] INFO  o.e.m.j.internal.DownloadSourcesJob - Downloaded sources for org.springframework:spring-jcl:5.2.3.RELEASE
2024-03-01 09:55:26,620 [Worker-53: Building] INFO  o.a.m.s.f.DefaultMavenResourcesFiltering - skip non existing resourceDirectory E:\Spring\springcore\src\main\resources
2024-03-01 09:55:26,622 [Worker-53: Building] INFO  o.a.m.s.f.DefaultMavenResourcesFiltering - skip non existing resourceDirectory E:\Spring\springcore\src\test\resources
2024-03-01 09:56:49,210 [Worker-36: Building] INFO  o.e.m.c.i.l.LifecycleMappingFactory - Using org.eclipse.m2e.jdt.JarLifecycleMapping lifecycle mapping for MavenProject: com.springcore:springcore:0.0.1-SNAPSHOT @ E:\Spring\springcore\pom.xml.
2024-03-01 09:56:49,259 [Worker-36: Building] INFO  o.e.m.c.i.e.AbstractTransferListenerAdapter - Downloading https://repo.maven.apache.org/maven2/org/springframework/spring-context/6.1.4/spring-context-6.1.4.pom
2024-03-01 09:56:49,298 [Worker-36: Building] INFO  o.e.m.c.i.e.AbstractTransferListenerAdapter - Downloaded https://repo.maven.apache.org/maven2/org/springframework/spring-context/6.1.4/spring-context-6.1.4.pom
2024-03-01 09:56:49,316 [Worker-36: Building] INFO  o.e.m.c.i.e.AbstractTransferListenerAdapter - Downloading https://repo.maven.apache.org/maven2/org/springframework/spring-aop/6.1.4/spring-aop-6.1.4.pom
2024-03-01 09:56:49,342 [Worker-36: Building] INFO  o.e.m.c.i.e.AbstractTransferListenerAdapter - Downloaded https://repo.maven.apache.org/maven2/org/springframework/spring-aop/6.1.4/spring-aop-6.1.4.pom
2024-03-01 09:56:49,362 [Worker-36: Building] INFO  o.e.m.c.i.e.AbstractTransferListenerAdapter - Downloading https://repo.maven.apache.org/maven2/org/springframework/spring-beans/6.1.4/spring-beans-6.1.4.pom
2024-03-01 09:56:49,385 [Worker-36: Building] INFO  o.e.m.c.i.e.AbstractTransferListenerAdapter - Downloaded https://repo.maven.apache.org/maven2/org/springframework/spring-beans/6.1.4/spring-beans-6.1.4.pom
2024-03-01 09:56:49,402 [Worker-36: Building] INFO  o.e.m.c.i.e.AbstractTransferListenerAdapter - Downloading https://repo.maven.apache.org/maven2/org/springframework/spring-core/6.1.4/spring-core-6.1.4.pom
2024-03-01 09:56:49,426 [Worker-36: Building] INFO  o.e.m.c.i.e.AbstractTransferListenerAdapter - Downloaded https://repo.maven.apache.org/maven2/org/springframework/spring-core/6.1.4/spring-core-6.1.4.pom
2024-03-01 09:56:49,450 [Worker-36: Building] INFO  o.e.m.c.i.e.AbstractTransferListenerAdapter - Downloading https://repo.maven.apache.org/maven2/org/springframework/spring-jcl/6.1.4/spring-jcl-6.1.4.pom
2024-03-01 09:56:49,475 [Worker-36: Building] INFO  o.e.m.c.i.e.AbstractTransferListenerAdapter - Downloaded https://repo.maven.apache.org/maven2/org/springframework/spring-jcl/6.1.4/spring-jcl-6.1.4.pom
2024-03-01 09:56:49,496 [Worker-36: Building] INFO  o.e.m.c.i.e.AbstractTransferListenerAdapter - Downloading https://repo.maven.apache.org/maven2/org/springframework/spring-expression/6.1.4/spring-expression-6.1.4.pom
2024-03-01 09:56:49,517 [Worker-36: Building] INFO  o.e.m.c.i.e.AbstractTransferListenerAdapter - Downloaded https://repo.maven.apache.org/maven2/org/springframework/spring-expression/6.1.4/spring-expression-6.1.4.pom
2024-03-01 09:56:49,531 [Worker-36: Building] INFO  o.e.m.c.i.e.AbstractTransferListenerAdapter - Downloading https://repo.maven.apache.org/maven2/io/micrometer/micrometer-observation/1.12.3/micrometer-observation-1.12.3.pom
2024-03-01 09:56:49,558 [Worker-36: Building] INFO  o.e.m.c.i.e.AbstractTransferListenerAdapter - Downloaded https://repo.maven.apache.org/maven2/io/micrometer/micrometer-observation/1.12.3/micrometer-observation-1.12.3.pom
2024-03-01 09:56:49,573 [Worker-36: Building] INFO  o.e.m.c.i.e.AbstractTransferListenerAdapter - Downloading https://repo.maven.apache.org/maven2/io/micrometer/micrometer-commons/1.12.3/micrometer-commons-1.12.3.pom
2024-03-01 09:56:49,595 [Worker-36: Building] INFO  o.e.m.c.i.e.AbstractTransferListenerAdapter - Downloaded https://repo.maven.apache.org/maven2/io/micrometer/micrometer-commons/1.12.3/micrometer-commons-1.12.3.pom
2024-03-01 09:56:49,618 [Worker-36: Building] INFO  o.e.m.c.i.e.AbstractTransferListenerAdapter - Downloading https://repo.maven.apache.org/maven2/org/springframework/spring-context/6.1.4/spring-context-6.1.4.jar
2024-03-01 09:56:49,991 [Worker-36: Building] INFO  o.e.m.c.i.e.AbstractTransferListenerAdapter - Downloaded https://repo.maven.apache.org/maven2/org/springframework/spring-context/6.1.4/spring-context-6.1.4.jar
2024-03-01 09:56:50,003 [BasicRepositoryConnector-repo.maven.apache.org-1-0] INFO  o.e.m.c.i.e.AbstractTransferListenerAdapter - Downloading https://repo.maven.apache.org/maven2/org/springframework/spring-aop/6.1.4/spring-aop-6.1.4.jar
2024-03-01 09:56:50,028 [BasicRepositoryConnector-repo.maven.apache.org-1-2] INFO  o.e.m.c.i.e.AbstractTransferListenerAdapter - Downloading https://repo.maven.apache.org/maven2/org/springframework/spring-core/6.1.4/spring-core-6.1.4.jar
2024-03-01 09:56:50,031 [BasicRepositoryConnector-repo.maven.apache.org-1-3] INFO  o.e.m.c.i.e.AbstractTransferListenerAdapter - Downloading https://repo.maven.apache.org/maven2/org/springframework/spring-jcl/6.1.4/spring-jcl-6.1.4.jar
2024-03-01 09:56:50,033 [BasicRepositoryConnector-repo.maven.apache.org-1-4] INFO  o.e.m.c.i.e.AbstractTransferListenerAdapter - Downloading https://repo.maven.apache.org/maven2/org/springframework/spring-expression/6.1.4/spring-expression-6.1.4.jar
2024-03-01 09:56:50,041 [BasicRepositoryConnector-repo.maven.apache.org-1-1] INFO  o.e.m.c.i.e.AbstractTransferListenerAdapter - Downloading https://repo.maven.apache.org/maven2/org/springframework/spring-beans/6.1.4/spring-beans-6.1.4.jar
2024-03-01 09:56:50,208 [BasicRepositoryConnector-repo.maven.apache.org-1-0] INFO  o.e.m.c.i.e.AbstractTransferListenerAdapter - Downloaded https://repo.maven.apache.org/maven2/org/springframework/spring-aop/6.1.4/spring-aop-6.1.4.jar
2024-03-01 09:56:50,216 [BasicRepositoryConnector-repo.maven.apache.org-1-0] INFO  o.e.m.c.i.e.AbstractTransferListenerAdapter - Downloading https://repo.maven.apache.org/maven2/io/micrometer/micrometer-observation/1.12.3/micrometer-observation-1.12.3.jar
2024-03-01 09:56:50,242 [BasicRepositoryConnector-repo.maven.apache.org-1-3] INFO  o.e.m.c.i.e.AbstractTransferListenerAdapter - Downloaded https://repo.maven.apache.org/maven2/org/springframework/spring-jcl/6.1.4/spring-jcl-6.1.4.jar
2024-03-01 09:56:50,250 [BasicRepositoryConnector-repo.maven.apache.org-1-3] INFO  o.e.m.c.i.e.AbstractTransferListenerAdapter - Downloading https://repo.maven.apache.org/maven2/io/micrometer/micrometer-commons/1.12.3/micrometer-commons-1.12.3.jar
2024-03-01 09:56:50,255 [BasicRepositoryConnector-repo.maven.apache.org-1-0] INFO  o.e.m.c.i.e.AbstractTransferListenerAdapter - Downloaded https://repo.maven.apache.org/maven2/io/micrometer/micrometer-observation/1.12.3/micrometer-observation-1.12.3.jar
2024-03-01 09:56:50,645 [BasicRepositoryConnector-repo.maven.apache.org-1-4] INFO  o.e.m.c.i.e.AbstractTransferListenerAdapter - Downloaded https://repo.maven.apache.org/maven2/org/springframework/spring-expression/6.1.4/spring-expression-6.1.4.jar
2024-03-01 09:56:50,765 [BasicRepositoryConnector-repo.maven.apache.org-1-3] INFO  o.e.m.c.i.e.AbstractTransferListenerAdapter - Downloaded https://repo.maven.apache.org/maven2/io/micrometer/micrometer-commons/1.12.3/micrometer-commons-1.12.3.jar
2024-03-01 09:56:51,054 [BasicRepositoryConnector-repo.maven.apache.org-1-1] INFO  o.e.m.c.i.e.AbstractTransferListenerAdapter - Downloaded https://repo.maven.apache.org/maven2/org/springframework/spring-beans/6.1.4/spring-beans-6.1.4.jar
2024-03-01 09:56:51,286 [BasicRepositoryConnector-repo.maven.apache.org-1-2] INFO  o.e.m.c.i.e.AbstractTransferListenerAdapter - Downloaded https://repo.maven.apache.org/maven2/org/springframework/spring-core/6.1.4/spring-core-6.1.4.jar
2024-03-01 09:56:51,401 [Worker-36: Building] INFO  o.a.m.s.f.DefaultMavenResourcesFiltering - skip non existing resourceDirectory E:\Spring\springcore\src\main\resources
2024-03-01 09:56:51,404 [Worker-36: Building] INFO  o.a.m.s.f.DefaultMavenResourcesFiltering - skip non existing resourceDirectory E:\Spring\springcore\src\test\resources
2024-03-01 09:56:52,368 [Worker-33: Download sources and javadoc] INFO  o.e.m.c.i.e.AbstractTransferListenerAdapter - Downloading https://repo.maven.apache.org/maven2/org/springframework/spring-context/6.1.4/spring-context-6.1.4-sources.jar
2024-03-01 09:56:52,687 [Worker-33: Download sources and javadoc] INFO  o.e.m.c.i.e.AbstractTransferListenerAdapter - Downloaded https://repo.maven.apache.org/maven2/org/springframework/spring-context/6.1.4/spring-context-6.1.4-sources.jar
2024-03-01 09:56:52,694 [Worker-33: Download sources and javadoc] INFO  o.e.m.j.internal.DownloadSourcesJob - Downloaded sources for org.springframework:spring-context:6.1.4
2024-03-01 09:56:52,741 [Worker-33: Download sources and javadoc] INFO  o.e.m.c.i.e.AbstractTransferListenerAdapter - Downloading https://repo.maven.apache.org/maven2/org/springframework/spring-aop/6.1.4/spring-aop-6.1.4-sources.jar
2024-03-01 09:56:52,768 [Worker-43: Building] INFO  o.a.m.s.f.DefaultMavenResourcesFiltering - skip non existing resourceDirectory E:\Spring\springcore\src\main\resources
2024-03-01 09:56:52,773 [Worker-43: Building] INFO  o.a.m.s.f.DefaultMavenResourcesFiltering - skip non existing resourceDirectory E:\Spring\springcore\src\test\resources
2024-03-01 09:56:52,847 [Worker-33: Download sources and javadoc] INFO  o.e.m.c.i.e.AbstractTransferListenerAdapter - Downloaded https://repo.maven.apache.org/maven2/org/springframework/spring-aop/6.1.4/spring-aop-6.1.4-sources.jar
2024-03-01 09:56:52,852 [Worker-33: Download sources and javadoc] INFO  o.e.m.j.internal.DownloadSourcesJob - Downloaded sources for org.springframework:spring-aop:6.1.4
2024-03-01 09:56:52,885 [Worker-33: Download sources and javadoc] INFO  o.e.m.c.i.e.AbstractTransferListenerAdapter - Downloading https://repo.maven.apache.org/maven2/org/springframework/spring-beans/6.1.4/spring-beans-6.1.4-sources.jar
2024-03-01 09:56:53,061 [Worker-33: Download sources and javadoc] INFO  o.e.m.c.i.e.AbstractTransferListenerAdapter - Downloaded https://repo.maven.apache.org/maven2/org/springframework/spring-beans/6.1.4/spring-beans-6.1.4-sources.jar
2024-03-01 09:56:53,064 [Worker-33: Download sources and javadoc] INFO  o.e.m.j.internal.DownloadSourcesJob - Downloaded sources for org.springframework:spring-beans:6.1.4
2024-03-01 09:56:53,099 [Worker-33: Download sources and javadoc] INFO  o.e.m.c.i.e.AbstractTransferListenerAdapter - Downloading https://repo.maven.apache.org/maven2/org/springframework/spring-core/6.1.4/spring-core-6.1.4-sources.jar
2024-03-01 09:56:53,555 [Worker-33: Download sources and javadoc] INFO  o.e.m.c.i.e.AbstractTransferListenerAdapter - Downloaded https://repo.maven.apache.org/maven2/org/springframework/spring-core/6.1.4/spring-core-6.1.4-sources.jar
2024-03-01 09:56:53,559 [Worker-33: Download sources and javadoc] INFO  o.e.m.j.internal.DownloadSourcesJob - Downloaded sources for org.springframework:spring-core:6.1.4
2024-03-01 09:56:53,587 [Worker-33: Download sources and javadoc] INFO  o.e.m.c.i.e.AbstractTransferListenerAdapter - Downloading https://repo.maven.apache.org/maven2/org/springframework/spring-jcl/6.1.4/spring-jcl-6.1.4-sources.jar
2024-03-01 09:56:53,712 [Worker-33: Download sources and javadoc] INFO  o.e.m.c.i.e.AbstractTransferListenerAdapter - Downloaded https://repo.maven.apache.org/maven2/org/springframework/spring-jcl/6.1.4/spring-jcl-6.1.4-sources.jar
2024-03-01 09:56:53,715 [Worker-33: Download sources and javadoc] INFO  o.e.m.j.internal.DownloadSourcesJob - Downloaded sources for org.springframework:spring-jcl:6.1.4
2024-03-01 09:56:53,802 [Worker-33: Download sources and javadoc] INFO  o.e.m.c.i.e.AbstractTransferListenerAdapter - Downloading https://repo.maven.apache.org/maven2/org/springframework/spring-expression/6.1.4/spring-expression-6.1.4-sources.jar
2024-03-01 09:56:53,852 [Worker-33: Download sources and javadoc] INFO  o.e.m.c.i.e.AbstractTransferListenerAdapter - Downloaded https://repo.maven.apache.org/maven2/org/springframework/spring-expression/6.1.4/spring-expression-6.1.4-sources.jar
2024-03-01 09:56:53,856 [Worker-33: Download sources and javadoc] INFO  o.e.m.j.internal.DownloadSourcesJob - Downloaded sources for org.springframework:spring-expression:6.1.4
2024-03-01 09:56:53,891 [Worker-33: Download sources and javadoc] INFO  o.e.m.c.i.e.AbstractTransferListenerAdapter - Downloading https://repo.maven.apache.org/maven2/io/micrometer/micrometer-observation/1.12.3/micrometer-observation-1.12.3-sources.jar
2024-03-01 09:56:53,922 [Worker-33: Download sources and javadoc] INFO  o.e.m.c.i.e.AbstractTransferListenerAdapter - Downloaded https://repo.maven.apache.org/maven2/io/micrometer/micrometer-observation/1.12.3/micrometer-observation-1.12.3-sources.jar
2024-03-01 09:56:53,926 [Worker-33: Download sources and javadoc] INFO  o.e.m.j.internal.DownloadSourcesJob - Downloaded sources for io.micrometer:micrometer-observation:1.12.3
2024-03-01 09:56:53,953 [Worker-33: Download sources and javadoc] INFO  o.e.m.c.i.e.AbstractTransferListenerAdapter - Downloading https://repo.maven.apache.org/maven2/io/micrometer/micrometer-commons/1.12.3/micrometer-commons-1.12.3-sources.jar
2024-03-01 09:56:54,362 [Worker-33: Download sources and javadoc] INFO  o.e.m.c.i.e.AbstractTransferListenerAdapter - Downloaded https://repo.maven.apache.org/maven2/io/micrometer/micrometer-commons/1.12.3/micrometer-commons-1.12.3-sources.jar
2024-03-01 09:56:54,366 [Worker-33: Download sources and javadoc] INFO  o.e.m.j.internal.DownloadSourcesJob - Downloaded sources for io.micrometer:micrometer-commons:1.12.3
2024-03-01 09:57:24,775 [Worker-49: Building] INFO  o.e.m.c.i.l.LifecycleMappingFactory - Using org.eclipse.m2e.jdt.JarLifecycleMapping lifecycle mapping for MavenProject: com.springcore:springcore:0.0.1-SNAPSHOT @ E:\Spring\springcore\pom.xml.
2024-03-01 09:57:24,908 [Worker-49: Building] INFO  o.a.m.s.f.DefaultMavenResourcesFiltering - skip non existing resourceDirectory E:\Spring\springcore\src\main\resources
2024-03-01 09:57:24,911 [Worker-49: Building] INFO  o.a.m.s.f.DefaultMavenResourcesFiltering - skip non existing resourceDirectory E:\Spring\springcore\src\test\resources
2024-03-01 09:57:26,182 [Worker-55: Building] INFO  o.a.m.s.f.DefaultMavenResourcesFiltering - skip non existing resourceDirectory E:\Spring\springcore\src\main\resources
2024-03-01 09:57:26,183 [Worker-55: Building] INFO  o.a.m.s.f.DefaultMavenResourcesFiltering - skip non existing resourceDirectory E:\Spring\springcore\src\test\resources
2024-03-01 10:01:58,422 [Worker-2: Loading available Gradle versions] INFO  o.e.b.c.i.u.g.PublishedGradleVersions - Gradle version information cache is up-to-date. Trying to read.
2024-03-01 10:11:10,653 [Worker-26: Building] INFO  o.a.m.s.f.DefaultMavenResourcesFiltering - skip non existing resourceDirectory E:\Spring\springcore\src\main\resources
2024-03-01 10:11:10,657 [Worker-26: Building] INFO  o.a.m.s.f.DefaultMavenResourcesFiltering - skip non existing resourceDirectory E:\Spring\springcore\src\test\resources
2024-03-01 10:11:23,540 [Worker-32: Building] INFO  o.a.m.s.f.DefaultMavenResourcesFiltering - skip non existing resourceDirectory E:\Spring\springcore\src\main\resources
2024-03-01 10:11:23,543 [Worker-32: Building] INFO  o.a.m.s.f.DefaultMavenResourcesFiltering - skip non existing resourceDirectory E:\Spring\springcore\src\test\resources
2024-03-01 10:11:41,958 [Worker-31: Building] INFO  o.a.m.s.f.DefaultMavenResourcesFiltering - skip non existing resourceDirectory E:\Spring\springcore\src\main\resources
2024-03-01 10:11:41,962 [Worker-31: Building] INFO  o.a.m.s.f.DefaultMavenResourcesFiltering - skip non existing resourceDirectory E:\Spring\springcore\src\test\resources
2024-03-01 10:12:48,873 [Worker-32: Building] INFO  o.a.m.s.f.DefaultMavenResourcesFiltering - skip non existing resourceDirectory E:\Spring\springcore\src\main\resources
2024-03-01 10:12:48,875 [Worker-32: Building] INFO  o.a.m.s.f.DefaultMavenResourcesFiltering - skip non existing resourceDirectory E:\Spring\springcore\src\test\resources
2024-03-01 10:13:51,101 [Worker-32: Building] INFO  o.a.m.s.f.DefaultMavenResourcesFiltering - skip non existing resourceDirectory E:\Spring\springcore\src\main\resources
2024-03-01 10:13:51,103 [Worker-32: Building] INFO  o.a.m.s.f.DefaultMavenResourcesFiltering - skip non existing resourceDirectory E:\Spring\springcore\src\test\resources
2024-03-01 10:14:12,014 [Worker-24: Building] INFO  o.a.m.s.f.DefaultMavenResourcesFiltering - skip non existing resourceDirectory E:\Spring\springcore\src\main\resources
2024-03-01 10:14:12,017 [Worker-24: Building] INFO  o.a.m.s.f.DefaultMavenResourcesFiltering - skip non existing resourceDirectory E:\Spring\springcore\src\test\resources
2024-03-01 10:14:33,421 [Worker-24: Building] INFO  o.a.m.s.f.DefaultMavenResourcesFiltering - skip non existing resourceDirectory E:\Spring\springcore\src\main\resources
2024-03-01 10:14:33,424 [Worker-24: Building] INFO  o.a.m.s.f.DefaultMavenResourcesFiltering - skip non existing resourceDirectory E:\Spring\springcore\src\test\resources
2024-03-01 10:17:42,285 [Worker-38: Building] INFO  o.a.m.s.f.DefaultMavenResourcesFiltering - skip non existing resourceDirectory E:\Spring\springcore\src\main\resources
2024-03-01 10:17:42,289 [Worker-38: Building] INFO  o.a.m.s.f.DefaultMavenResourcesFiltering - skip non existing resourceDirectory E:\Spring\springcore\src\test\resources
2024-03-01 10:18:24,921 [Worker-36: Building] INFO  o.a.m.s.f.DefaultMavenResourcesFiltering - skip non existing resourceDirectory E:\Spring\springcore\src\main\resources
2024-03-01 10:18:24,923 [Worker-36: Building] INFO  o.a.m.s.f.DefaultMavenResourcesFiltering - skip non existing resourceDirectory E:\Spring\springcore\src\test\resources
2024-03-01 10:18:29,164 [Worker-37: Building] INFO  o.a.m.s.f.DefaultMavenResourcesFiltering - skip non existing resourceDirectory E:\Spring\springcore\src\main\resources
2024-03-01 10:18:29,167 [Worker-37: Building] INFO  o.a.m.s.f.DefaultMavenResourcesFiltering - skip non existing resourceDirectory E:\Spring\springcore\src\test\resources
2024-03-01 10:18:39,441 [Worker-35: Building] INFO  o.a.m.s.f.DefaultMavenResourcesFiltering - skip non existing resourceDirectory E:\Spring\springcore\src\main\resources
2024-03-01 10:18:39,443 [Worker-35: Building] INFO  o.a.m.s.f.DefaultMavenResourcesFiltering - skip non existing resourceDirectory E:\Spring\springcore\src\test\resources
2024-03-01 10:18:56,776 [Worker-38: Building] INFO  o.a.m.s.f.DefaultMavenResourcesFiltering - skip non existing resourceDirectory E:\Spring\springcore\src\main\resources
2024-03-01 10:18:56,778 [Worker-38: Building] INFO  o.a.m.s.f.DefaultMavenResourcesFiltering - skip non existing resourceDirectory E:\Spring\springcore\src\test\resources
2024-03-01 10:20:49,416 [Worker-6: Loading available Gradle versions] INFO  o.e.b.c.i.u.g.PublishedGradleVersions - Gradle version information cache is up-to-date. Trying to read.
2024-03-01 10:22:03,189 [Worker-28: Building] INFO  o.a.m.s.f.DefaultMavenResourcesFiltering - skip non existing resourceDirectory E:\Spring\springcore\src\main\resources
2024-03-01 10:22:03,195 [Worker-28: Building] INFO  o.a.m.s.f.DefaultMavenResourcesFiltering - skip non existing resourceDirectory E:\Spring\springcore\src\test\resources
2024-03-01 10:23:04,906 [Worker-4: Building] INFO  o.a.m.s.f.DefaultMavenResourcesFiltering - skip non existing resourceDirectory E:\Spring\springcore\src\main\resources
2024-03-01 10:23:04,906 [Worker-4: Building] INFO  o.a.m.s.f.DefaultMavenResourcesFiltering - skip non existing resourceDirectory E:\Spring\springcore\src\test\resources
2024-03-01 10:25:04,819 [Worker-7: Building] INFO  o.a.m.s.f.DefaultMavenResourcesFiltering - skip non existing resourceDirectory E:\Spring\springcore\src\main\resources
2024-03-01 10:25:04,821 [Worker-7: Building] INFO  o.a.m.s.f.DefaultMavenResourcesFiltering - skip non existing resourceDirectory E:\Spring\springcore\src\test\resources
2024-03-01 10:26:28,793 [Worker-23: Building] INFO  o.a.m.s.f.DefaultMavenResourcesFiltering - skip non existing resourceDirectory E:\Spring\springcore\src\main\resources
2024-03-01 10:26:28,796 [Worker-23: Building] INFO  o.a.m.s.f.DefaultMavenResourcesFiltering - skip non existing resourceDirectory E:\Spring\springcore\src\test\resources
2024-03-01 10:26:46,921 [Worker-15: Building] INFO  o.a.m.s.f.DefaultMavenResourcesFiltering - skip non existing resourceDirectory E:\Spring\springcore\src\main\resources
2024-03-01 10:26:46,924 [Worker-15: Building] INFO  o.a.m.s.f.DefaultMavenResourcesFiltering - skip non existing resourceDirectory E:\Spring\springcore\src\test\resources
2024-03-01 10:26:56,708 [Worker-5: Building] INFO  o.a.m.s.f.DefaultMavenResourcesFiltering - skip non existing resourceDirectory E:\Spring\springcore\src\main\resources
2024-03-01 10:26:56,710 [Worker-5: Building] INFO  o.a.m.s.f.DefaultMavenResourcesFiltering - skip non existing resourceDirectory E:\Spring\springcore\src\test\resources
2024-03-01 10:28:25,400 [Worker-10: Building] INFO  o.a.m.s.f.DefaultMavenResourcesFiltering - skip non existing resourceDirectory E:\Spring\springcore\src\main\resources
2024-03-01 10:28:25,403 [Worker-10: Building] INFO  o.a.m.s.f.DefaultMavenResourcesFiltering - skip non existing resourceDirectory E:\Spring\springcore\src\test\resources
2024-03-01 10:28:43,656 [Worker-18: Building] INFO  o.a.m.s.f.DefaultMavenResourcesFiltering - skip non existing resourceDirectory E:\Spring\springcore\src\main\resources
2024-03-01 10:28:43,660 [Worker-18: Building] INFO  o.a.m.s.f.DefaultMavenResourcesFiltering - skip non existing resourceDirectory E:\Spring\springcore\src\test\resources
2024-03-01 10:29:08,318 [Worker-26: Building] INFO  o.a.m.s.f.DefaultMavenResourcesFiltering - skip non existing resourceDirectory E:\Spring\springcore\src\main\resources
2024-03-01 10:29:08,321 [Worker-26: Building] INFO  o.a.m.s.f.DefaultMavenResourcesFiltering - skip non existing resourceDirectory E:\Spring\springcore\src\test\resources
2024-03-01 10:29:28,033 [Worker-5: Building] INFO  o.a.m.s.f.DefaultMavenResourcesFiltering - skip non existing resourceDirectory E:\Spring\springcore\src\main\resources
2024-03-01 10:29:28,034 [Worker-5: Building] INFO  o.a.m.s.f.DefaultMavenResourcesFiltering - skip non existing resourceDirectory E:\Spring\springcore\src\test\resources
2024-03-01 10:29:51,229 [Worker-23: Building] INFO  o.a.m.s.f.DefaultMavenResourcesFiltering - skip non existing resourceDirectory E:\Spring\springcore\src\main\resources
2024-03-01 10:29:51,231 [Worker-23: Building] INFO  o.a.m.s.f.DefaultMavenResourcesFiltering - skip non existing resourceDirectory E:\Spring\springcore\src\test\resources
2024-03-01 10:49:30,176 [Worker-10: Building] INFO  o.a.m.s.f.DefaultMavenResourcesFiltering - skip non existing resourceDirectory E:\Spring\springcore\src\main\resources
2024-03-01 10:49:30,178 [Worker-10: Building] INFO  o.a.m.s.f.DefaultMavenResourcesFiltering - skip non existing resourceDirectory E:\Spring\springcore\src\test\resources
2024-03-01 10:49:56,087 [Worker-29: Building] INFO  o.a.m.s.f.DefaultMavenResourcesFiltering - skip non existing resourceDirectory E:\Spring\springcore\src\main\resources
2024-03-01 10:49:56,089 [Worker-29: Building] INFO  o.a.m.s.f.DefaultMavenResourcesFiltering - skip non existing resourceDirectory E:\Spring\springcore\src\test\resources
2024-03-01 10:52:39,371 [Worker-30: Building] INFO  o.a.m.s.f.DefaultMavenResourcesFiltering - skip non existing resourceDirectory E:\Spring\springcore\src\main\resources
2024-03-01 10:52:39,372 [Worker-30: Building] INFO  o.a.m.s.f.DefaultMavenResourcesFiltering - skip non existing resourceDirectory E:\Spring\springcore\src\test\resources
2024-03-01 10:54:35,392 [Worker-29: Building] INFO  o.a.m.s.f.DefaultMavenResourcesFiltering - skip non existing resourceDirectory E:\Spring\springcore\src\main\resources
2024-03-01 10:54:35,394 [Worker-29: Building] INFO  o.a.m.s.f.DefaultMavenResourcesFiltering - skip non existing resourceDirectory E:\Spring\springcore\src\test\resources
2024-03-01 10:55:24,376 [Worker-23: Building] INFO  o.a.m.s.f.DefaultMavenResourcesFiltering - skip non existing resourceDirectory E:\Spring\springcore\src\main\resources
2024-03-01 10:55:24,378 [Worker-23: Building] INFO  o.a.m.s.f.DefaultMavenResourcesFiltering - skip non existing resourceDirectory E:\Spring\springcore\src\test\resources
2024-03-01 11:04:50,492 [Worker-32: Building] INFO  o.a.m.s.f.DefaultMavenResourcesFiltering - skip non existing resourceDirectory E:\Spring\springcore\src\main\resources
2024-03-01 11:04:50,493 [Worker-32: Building] INFO  o.a.m.s.f.DefaultMavenResourcesFiltering - skip non existing resourceDirectory E:\Spring\springcore\src\test\resources
2024-03-01 11:06:29,956 [Worker-33: Building] INFO  o.a.m.s.f.DefaultMavenResourcesFiltering - skip non existing resourceDirectory E:\Spring\springcore\src\main\resources
2024-03-01 11:06:29,958 [Worker-33: Building] INFO  o.a.m.s.f.DefaultMavenResourcesFiltering - skip non existing resourceDirectory E:\Spring\springcore\src\test\resources
2024-03-01 11:07:15,297 [Worker-33: Building] INFO  o.a.m.s.f.DefaultMavenResourcesFiltering - skip non existing resourceDirectory E:\Spring\springcore\src\main\resources
2024-03-01 11:07:15,300 [Worker-33: Building] INFO  o.a.m.s.f.DefaultMavenResourcesFiltering - skip non existing resourceDirectory E:\Spring\springcore\src\test\resources
2024-03-01 11:07:28,189 [Worker-30: Building] INFO  o.a.m.s.f.DefaultMavenResourcesFiltering - skip non existing resourceDirectory E:\Spring\springcore\src\main\resources
2024-03-01 11:07:28,191 [Worker-30: Building] INFO  o.a.m.s.f.DefaultMavenResourcesFiltering - skip non existing resourceDirectory E:\Spring\springcore\src\test\resources
2024-03-01 11:22:04,605 [Worker-35: Building] INFO  o.a.m.s.f.DefaultMavenResourcesFiltering - skip non existing resourceDirectory E:\Spring\springcore\src\main\resources
2024-03-01 11:22:04,610 [Worker-35: Building] INFO  o.a.m.s.f.DefaultMavenResourcesFiltering - skip non existing resourceDirectory E:\Spring\springcore\src\test\resources
2024-03-01 11:22:57,072 [Worker-35: Building] INFO  o.a.m.s.f.DefaultMavenResourcesFiltering - skip non existing resourceDirectory E:\Spring\springcore\src\main\resources
2024-03-01 11:22:57,073 [Worker-35: Building] INFO  o.a.m.s.f.DefaultMavenResourcesFiltering - skip non existing resourceDirectory E:\Spring\springcore\src\test\resources
2024-03-01 11:25:29,835 [Worker-35: Building Workspace] INFO  o.a.m.s.f.DefaultMavenResourcesFiltering - skip non existing resourceDirectory E:\Spring\springcore\src\main\resources
2024-03-01 11:25:29,840 [Worker-35: Building Workspace] INFO  o.a.m.s.f.DefaultMavenResourcesFiltering - skip non existing resourceDirectory E:\Spring\springcore\src\test\resources
2024-03-01 11:25:48,390 [Worker-35: Building] INFO  o.a.m.s.f.DefaultMavenResourcesFiltering - skip non existing resourceDirectory E:\Spring\springcore\src\main\resources
2024-03-01 11:25:48,393 [Worker-35: Building] INFO  o.a.m.s.f.DefaultMavenResourcesFiltering - skip non existing resourceDirectory E:\Spring\springcore\src\test\resources
2024-03-01 11:28:04,125 [Worker-31: Building] INFO  o.a.m.s.f.DefaultMavenResourcesFiltering - skip non existing resourceDirectory E:\Spring\springcore\src\main\resources
2024-03-01 11:28:04,127 [Worker-31: Building] INFO  o.a.m.s.f.DefaultMavenResourcesFiltering - skip non existing resourceDirectory E:\Spring\springcore\src\test\resources
2024-03-01 11:28:54,455 [Worker-36: Building] INFO  o.a.m.s.f.DefaultMavenResourcesFiltering - skip non existing resourceDirectory E:\Spring\springcore\src\main\resources
2024-03-01 11:28:54,456 [Worker-36: Building] INFO  o.a.m.s.f.DefaultMavenResourcesFiltering - skip non existing resourceDirectory E:\Spring\springcore\src\test\resources
2024-03-01 11:29:50,792 [Worker-25: Building] INFO  o.a.m.s.f.DefaultMavenResourcesFiltering - skip non existing resourceDirectory E:\Spring\springcore\src\main\resources
2024-03-01 11:29:50,793 [Worker-25: Building] INFO  o.a.m.s.f.DefaultMavenResourcesFiltering - skip non existing resourceDirectory E:\Spring\springcore\src\test\resources
2024-03-01 11:30:54,989 [Worker-36: Building] INFO  o.a.m.s.f.DefaultMavenResourcesFiltering - skip non existing resourceDirectory E:\Spring\springcore\src\main\resources
2024-03-01 11:30:54,990 [Worker-36: Building] INFO  o.a.m.s.f.DefaultMavenResourcesFiltering - skip non existing resourceDirectory E:\Spring\springcore\src\test\resources
2024-03-01 11:31:07,681 [Worker-36: Building] INFO  o.a.m.s.f.DefaultMavenResourcesFiltering - skip non existing resourceDirectory E:\Spring\springcore\src\main\resources
2024-03-01 11:31:07,682 [Worker-36: Building] INFO  o.a.m.s.f.DefaultMavenResourcesFiltering - skip non existing resourceDirectory E:\Spring\springcore\src\test\resources
2024-03-01 11:32:39,437 [Worker-37: Building] INFO  o.a.m.s.f.DefaultMavenResourcesFiltering - skip non existing resourceDirectory E:\Spring\springcore\src\main\resources
2024-03-01 11:32:39,438 [Worker-37: Building] INFO  o.a.m.s.f.DefaultMavenResourcesFiltering - skip non existing resourceDirectory E:\Spring\springcore\src\test\resources
2024-03-01 11:34:23,628 [Worker-36: Building] INFO  o.a.m.s.f.DefaultMavenResourcesFiltering - skip non existing resourceDirectory E:\Spring\springcore\src\main\resources
2024-03-01 11:34:23,630 [Worker-36: Building] INFO  o.a.m.s.f.DefaultMavenResourcesFiltering - skip non existing resourceDirectory E:\Spring\springcore\src\test\resources
2024-03-01 11:35:35,009 [Worker-37: Building] INFO  o.a.m.s.f.DefaultMavenResourcesFiltering - skip non existing resourceDirectory E:\Spring\springcore\src\main\resources
2024-03-01 11:35:35,012 [Worker-37: Building] INFO  o.a.m.s.f.DefaultMavenResourcesFiltering - skip non existing resourceDirectory E:\Spring\springcore\src\test\resources
2024-03-01 11:36:22,724 [Worker-35: Building] INFO  o.a.m.s.f.DefaultMavenResourcesFiltering - skip non existing resourceDirectory E:\Spring\springcore\src\main\resources
2024-03-01 11:36:22,726 [Worker-35: Building] INFO  o.a.m.s.f.DefaultMavenResourcesFiltering - skip non existing resourceDirectory E:\Spring\springcore\src\test\resources
2024-03-01 11:37:48,307 [Worker-25: Building] INFO  o.a.m.s.f.DefaultMavenResourcesFiltering - skip non existing resourceDirectory E:\Spring\springcore\src\main\resources
2024-03-01 11:37:48,309 [Worker-25: Building] INFO  o.a.m.s.f.DefaultMavenResourcesFiltering - skip non existing resourceDirectory E:\Spring\springcore\src\test\resources
2024-03-01 11:37:56,151 [Worker-29: Building] INFO  o.a.m.s.f.DefaultMavenResourcesFiltering - skip non existing resourceDirectory E:\Spring\springcore\src\main\resources
2024-03-01 11:37:56,152 [Worker-29: Building] INFO  o.a.m.s.f.DefaultMavenResourcesFiltering - skip non existing resourceDirectory E:\Spring\springcore\src\test\resources
2024-03-01 11:38:33,264 [Worker-36: Launching Test] INFO  o.a.m.s.f.DefaultMavenResourcesFiltering - skip non existing resourceDirectory E:\Spring\springcore\src\main\resources
2024-03-01 11:38:33,268 [Worker-36: Launching Test] INFO  o.a.m.s.f.DefaultMavenResourcesFiltering - skip non existing resourceDirectory E:\Spring\springcore\src\test\resources
2024-03-01 11:40:16,979 [Worker-37: Building] INFO  o.a.m.s.f.DefaultMavenResourcesFiltering - skip non existing resourceDirectory E:\Spring\springcore\src\main\resources
2024-03-01 11:40:16,981 [Worker-37: Building] INFO  o.a.m.s.f.DefaultMavenResourcesFiltering - skip non existing resourceDirectory E:\Spring\springcore\src\test\resources
2024-03-01 11:41:40,044 [Worker-36: Building] INFO  o.a.m.s.f.DefaultMavenResourcesFiltering - skip non existing resourceDirectory E:\Spring\springcore\src\main\resources
2024-03-01 11:41:40,046 [Worker-36: Building] INFO  o.a.m.s.f.DefaultMavenResourcesFiltering - skip non existing resourceDirectory E:\Spring\springcore\src\test\resources
2024-03-01 11:44:08,767 [Worker-25: Building] INFO  o.a.m.s.f.DefaultMavenResourcesFiltering - skip non existing resourceDirectory E:\Spring\springcore\src\main\resources
2024-03-01 11:44:08,768 [Worker-25: Building] INFO  o.a.m.s.f.DefaultMavenResourcesFiltering - skip non existing resourceDirectory E:\Spring\springcore\src\test\resources
2024-03-01 11:44:51,694 [Worker-39: Building] INFO  o.a.m.s.f.DefaultMavenResourcesFiltering - skip non existing resourceDirectory E:\Spring\springcore\src\main\resources
2024-03-01 11:44:51,695 [Worker-39: Building] INFO  o.a.m.s.f.DefaultMavenResourcesFiltering - skip non existing resourceDirectory E:\Spring\springcore\src\test\resources
2024-03-01 11:48:17,810 [Worker-39: Building] INFO  o.a.m.s.f.DefaultMavenResourcesFiltering - skip non existing resourceDirectory E:\Spring\springcore\src\main\resources
2024-03-01 11:48:17,812 [Worker-39: Building] INFO  o.a.m.s.f.DefaultMavenResourcesFiltering - skip non existing resourceDirectory E:\Spring\springcore\src\test\resources
2024-03-01 11:48:40,241 [Worker-39: Building] INFO  o.a.m.s.f.DefaultMavenResourcesFiltering - skip non existing resourceDirectory E:\Spring\springcore\src\main\resources
2024-03-01 11:48:40,243 [Worker-39: Building] INFO  o.a.m.s.f.DefaultMavenResourcesFiltering - skip non existing resourceDirectory E:\Spring\springcore\src\test\resources
2024-03-01 11:50:05,086 [Worker-36: Building] INFO  o.a.m.s.f.DefaultMavenResourcesFiltering - skip non existing resourceDirectory E:\Spring\springcore\src\main\resources
2024-03-01 11:50:05,087 [Worker-36: Building] INFO  o.a.m.s.f.DefaultMavenResourcesFiltering - skip non existing resourceDirectory E:\Spring\springcore\src\test\resources
2024-03-01 11:50:40,214 [Worker-25: Building] INFO  o.a.m.s.f.DefaultMavenResourcesFiltering - skip non existing resourceDirectory E:\Spring\springcore\src\main\resources
2024-03-01 11:50:40,216 [Worker-25: Building] INFO  o.a.m.s.f.DefaultMavenResourcesFiltering - skip non existing resourceDirectory E:\Spring\springcore\src\test\resources
2024-03-01 11:50:57,791 [Worker-35: Building] INFO  o.a.m.s.f.DefaultMavenResourcesFiltering - skip non existing resourceDirectory E:\Spring\springcore\src\main\resources
2024-03-01 11:50:57,793 [Worker-35: Building] INFO  o.a.m.s.f.DefaultMavenResourcesFiltering - skip non existing resourceDirectory E:\Spring\springcore\src\test\resources
2024-03-01 11:51:17,546 [Worker-25: Building] INFO  o.a.m.s.f.DefaultMavenResourcesFiltering - skip non existing resourceDirectory E:\Spring\springcore\src\main\resources
2024-03-01 11:51:17,548 [Worker-25: Building] INFO  o.a.m.s.f.DefaultMavenResourcesFiltering - skip non existing resourceDirectory E:\Spring\springcore\src\test\resources
2024-03-01 11:55:34,760 [Worker-25: Building] INFO  o.a.m.s.f.DefaultMavenResourcesFiltering - skip non existing resourceDirectory E:\Spring\springcore\src\main\resources
2024-03-01 11:55:34,762 [Worker-25: Building] INFO  o.a.m.s.f.DefaultMavenResourcesFiltering - skip non existing resourceDirectory E:\Spring\springcore\src\test\resources
2024-03-01 11:57:41,878 [Worker-36: Building] INFO  o.a.m.s.f.DefaultMavenResourcesFiltering - skip non existing resourceDirectory E:\Spring\springcore\src\main\resources
2024-03-01 11:57:41,879 [Worker-36: Building] INFO  o.a.m.s.f.DefaultMavenResourcesFiltering - skip non existing resourceDirectory E:\Spring\springcore\src\test\resources
2024-03-01 11:58:55,845 [Worker-25: Building] INFO  o.a.m.s.f.DefaultMavenResourcesFiltering - skip non existing resourceDirectory E:\Spring\springcore\src\main\resources
2024-03-01 11:58:55,847 [Worker-25: Building] INFO  o.a.m.s.f.DefaultMavenResourcesFiltering - skip non existing resourceDirectory E:\Spring\springcore\src\test\resources
2024-03-01 11:59:25,424 [Worker-40: Building] INFO  o.a.m.s.f.DefaultMavenResourcesFiltering - skip non existing resourceDirectory E:\Spring\springcore\src\main\resources
2024-03-01 11:59:25,425 [Worker-40: Building] INFO  o.a.m.s.f.DefaultMavenResourcesFiltering - skip non existing resourceDirectory E:\Spring\springcore\src\test\resources
2024-03-01 11:59:47,218 [Worker-25: Building] INFO  o.a.m.s.f.DefaultMavenResourcesFiltering - skip non existing resourceDirectory E:\Spring\springcore\src\main\resources
2024-03-01 11:59:47,219 [Worker-25: Building] INFO  o.a.m.s.f.DefaultMavenResourcesFiltering - skip non existing resourceDirectory E:\Spring\springcore\src\test\resources
2024-03-01 12:08:38,065 [Worker-40: Building] INFO  o.a.m.s.f.DefaultMavenResourcesFiltering - skip non existing resourceDirectory E:\Spring\springcore\src\main\resources
2024-03-01 12:08:38,066 [Worker-40: Building] INFO  o.a.m.s.f.DefaultMavenResourcesFiltering - skip non existing resourceDirectory E:\Spring\springcore\src\test\resources
2024-03-01 12:09:17,288 [Worker-25: Building] INFO  o.a.m.s.f.DefaultMavenResourcesFiltering - skip non existing resourceDirectory E:\Spring\springcore\src\main\resources
2024-03-01 12:09:17,289 [Worker-25: Building] INFO  o.a.m.s.f.DefaultMavenResourcesFiltering - skip non existing resourceDirectory E:\Spring\springcore\src\test\resources
2024-03-01 12:09:52,826 [Worker-25: Building] INFO  o.a.m.s.f.DefaultMavenResourcesFiltering - skip non existing resourceDirectory E:\Spring\springcore\src\main\resources
2024-03-01 12:09:52,828 [Worker-25: Building] INFO  o.a.m.s.f.DefaultMavenResourcesFiltering - skip non existing resourceDirectory E:\Spring\springcore\src\test\resources
2024-03-01 12:10:32,136 [Worker-25: Building] INFO  o.a.m.s.f.DefaultMavenResourcesFiltering - skip non existing resourceDirectory E:\Spring\springcore\src\main\resources
2024-03-01 12:10:32,138 [Worker-25: Building] INFO  o.a.m.s.f.DefaultMavenResourcesFiltering - skip non existing resourceDirectory E:\Spring\springcore\src\test\resources
2024-03-01 12:15:33,266 [Worker-42: Building] INFO  o.a.m.s.f.DefaultMavenResourcesFiltering - skip non existing resourceDirectory E:\Spring\springcore\src\main\resources
2024-03-01 12:15:33,268 [Worker-42: Building] INFO  o.a.m.s.f.DefaultMavenResourcesFiltering - skip non existing resourceDirectory E:\Spring\springcore\src\test\resources
2024-03-01 12:16:52,392 [Worker-25: Building] INFO  o.a.m.s.f.DefaultMavenResourcesFiltering - skip non existing resourceDirectory E:\Spring\springcore\src\main\resources
2024-03-01 12:16:52,393 [Worker-25: Building] INFO  o.a.m.s.f.DefaultMavenResourcesFiltering - skip non existing resourceDirectory E:\Spring\springcore\src\test\resources
2024-03-01 12:17:02,066 [Worker-42: Building] INFO  o.a.m.s.f.DefaultMavenResourcesFiltering - skip non existing resourceDirectory E:\Spring\springcore\src\main\resources
2024-03-01 12:17:02,068 [Worker-42: Building] INFO  o.a.m.s.f.DefaultMavenResourcesFiltering - skip non existing resourceDirectory E:\Spring\springcore\src\test\resources
2024-03-01 12:17:37,490 [Worker-42: Building] INFO  o.a.m.s.f.DefaultMavenResourcesFiltering - skip non existing resourceDirectory E:\Spring\springcore\src\main\resources
2024-03-01 12:17:37,493 [Worker-42: Building] INFO  o.a.m.s.f.DefaultMavenResourcesFiltering - skip non existing resourceDirectory E:\Spring\springcore\src\test\resources
2024-03-01 12:17:52,495 [Worker-37: Building] INFO  o.a.m.s.f.DefaultMavenResourcesFiltering - skip non existing resourceDirectory E:\Spring\springcore\src\main\resources
2024-03-01 12:17:52,496 [Worker-37: Building] INFO  o.a.m.s.f.DefaultMavenResourcesFiltering - skip non existing resourceDirectory E:\Spring\springcore\src\test\resources
2024-03-01 12:17:59,949 [Worker-45: Building] INFO  o.a.m.s.f.DefaultMavenResourcesFiltering - skip non existing resourceDirectory E:\Spring\springcore\src\main\resources
2024-03-01 12:17:59,952 [Worker-45: Building] INFO  o.a.m.s.f.DefaultMavenResourcesFiltering - skip non existing resourceDirectory E:\Spring\springcore\src\test\resources
2024-03-01 12:19:03,191 [Worker-25: Building] INFO  o.a.m.s.f.DefaultMavenResourcesFiltering - skip non existing resourceDirectory E:\Spring\springcore\src\main\resources
2024-03-01 12:19:03,194 [Worker-25: Building] INFO  o.a.m.s.f.DefaultMavenResourcesFiltering - skip non existing resourceDirectory E:\Spring\springcore\src\test\resources
2024-03-01 12:19:37,966 [Worker-45: Building] INFO  o.a.m.s.f.DefaultMavenResourcesFiltering - skip non existing resourceDirectory E:\Spring\springcore\src\main\resources
2024-03-01 12:19:37,968 [Worker-45: Building] INFO  o.a.m.s.f.DefaultMavenResourcesFiltering - skip non existing resourceDirectory E:\Spring\springcore\src\test\resources
2024-03-01 12:21:05,745 [Worker-37: Building Workspace] INFO  o.a.m.s.f.DefaultMavenResourcesFiltering - skip non existing resourceDirectory E:\Spring\springcore\src\main\resources
2024-03-01 12:21:05,748 [Worker-37: Building Workspace] INFO  o.a.m.s.f.DefaultMavenResourcesFiltering - skip non existing resourceDirectory E:\Spring\springcore\src\test\resources
2024-03-01 12:21:13,949 [Worker-25: Building] INFO  o.a.m.s.f.DefaultMavenResourcesFiltering - skip non existing resourceDirectory E:\Spring\springcore\src\main\resources
2024-03-01 12:21:13,950 [Worker-25: Building] INFO  o.a.m.s.f.DefaultMavenResourcesFiltering - skip non existing resourceDirectory E:\Spring\springcore\src\test\resources
2024-03-01 12:21:25,648 [Worker-44: Building] INFO  o.a.m.s.f.DefaultMavenResourcesFiltering - skip non existing resourceDirectory E:\Spring\springcore\src\main\resources
2024-03-01 12:21:25,649 [Worker-44: Building] INFO  o.a.m.s.f.DefaultMavenResourcesFiltering - skip non existing resourceDirectory E:\Spring\springcore\src\test\resources
2024-03-01 12:23:07,290 [Worker-37: Building] INFO  o.a.m.s.f.DefaultMavenResourcesFiltering - skip non existing resourceDirectory E:\Spring\springcore\src\main\resources
2024-03-01 12:23:07,291 [Worker-37: Building] INFO  o.a.m.s.f.DefaultMavenResourcesFiltering - skip non existing resourceDirectory E:\Spring\springcore\src\test\resources
2024-03-01 12:29:35,370 [Worker-6: Loading available Gradle versions] INFO  o.e.b.c.i.u.g.PublishedGradleVersions - Gradle version information cache is up-to-date. Trying to read.
2024-03-01 12:29:38,274 [Worker-5: Building] INFO  o.a.m.s.f.DefaultMavenResourcesFiltering - skip non existing resourceDirectory E:\Spring\springcore\src\main\resources
2024-03-01 12:29:38,280 [Worker-5: Building] INFO  o.a.m.s.f.DefaultMavenResourcesFiltering - skip non existing resourceDirectory E:\Spring\springcore\src\test\resources
2024-03-01 12:30:46,869 [Worker-9: Building] INFO  o.a.m.s.f.DefaultMavenResourcesFiltering - skip non existing resourceDirectory E:\Spring\springcore\src\main\resources
2024-03-01 12:30:46,873 [Worker-9: Building] INFO  o.a.m.s.f.DefaultMavenResourcesFiltering - skip non existing resourceDirectory E:\Spring\springcore\src\test\resources
2024-03-01 12:31:34,408 [Worker-2: Building] INFO  o.a.m.s.f.DefaultMavenResourcesFiltering - skip non existing resourceDirectory E:\Spring\springcore\src\main\resources
2024-03-01 12:31:34,410 [Worker-2: Building] INFO  o.a.m.s.f.DefaultMavenResourcesFiltering - skip non existing resourceDirectory E:\Spring\springcore\src\test\resources
2024-03-01 12:32:31,777 [Worker-14: Building] INFO  o.a.m.s.f.DefaultMavenResourcesFiltering - skip non existing resourceDirectory E:\Spring\springcore\src\main\resources
2024-03-01 12:32:31,780 [Worker-14: Building] INFO  o.a.m.s.f.DefaultMavenResourcesFiltering - skip non existing resourceDirectory E:\Spring\springcore\src\test\resources
2024-03-01 12:32:40,558 [Worker-2: Building] INFO  o.a.m.s.f.DefaultMavenResourcesFiltering - skip non existing resourceDirectory E:\Spring\springcore\src\main\resources
2024-03-01 12:32:40,560 [Worker-2: Building] INFO  o.a.m.s.f.DefaultMavenResourcesFiltering - skip non existing resourceDirectory E:\Spring\springcore\src\test\resources
2024-03-01 12:33:08,589 [Worker-0: Building] INFO  o.a.m.s.f.DefaultMavenResourcesFiltering - skip non existing resourceDirectory E:\Spring\springcore\src\main\resources
2024-03-01 12:33:08,591 [Worker-0: Building] INFO  o.a.m.s.f.DefaultMavenResourcesFiltering - skip non existing resourceDirectory E:\Spring\springcore\src\test\resources
2024-03-01 12:33:50,354 [Worker-1: Building] INFO  o.a.m.s.f.DefaultMavenResourcesFiltering - skip non existing resourceDirectory E:\Spring\springcore\src\main\resources
2024-03-01 12:33:50,357 [Worker-1: Building] INFO  o.a.m.s.f.DefaultMavenResourcesFiltering - skip non existing resourceDirectory E:\Spring\springcore\src\test\resources
2024-03-01 12:35:57,998 [Worker-13: Building] INFO  o.a.m.s.f.DefaultMavenResourcesFiltering - skip non existing resourceDirectory E:\Spring\springcore\src\main\resources
2024-03-01 12:35:58,001 [Worker-13: Building] INFO  o.a.m.s.f.DefaultMavenResourcesFiltering - skip non existing resourceDirectory E:\Spring\springcore\src\test\resources
2024-03-01 12:36:00,611 [Worker-10: Building] INFO  o.a.m.s.f.DefaultMavenResourcesFiltering - skip non existing resourceDirectory E:\Spring\springcore\src\main\resources
2024-03-01 12:36:00,613 [Worker-10: Building] INFO  o.a.m.s.f.DefaultMavenResourcesFiltering - skip non existing resourceDirectory E:\Spring\springcore\src\test\resources
2024-03-01 12:36:16,921 [Worker-16: Building] INFO  o.a.m.s.f.DefaultMavenResourcesFiltering - skip non existing resourceDirectory E:\Spring\springcore\src\main\resources
2024-03-01 12:36:16,924 [Worker-16: Building] INFO  o.a.m.s.f.DefaultMavenResourcesFiltering - skip non existing resourceDirectory E:\Spring\springcore\src\test\resources
2024-03-01 12:37:42,208 [Worker-25: Building] INFO  o.a.m.s.f.DefaultMavenResourcesFiltering - skip non existing resourceDirectory E:\Spring\springcore\src\main\resources
2024-03-01 12:37:42,210 [Worker-25: Building] INFO  o.a.m.s.f.DefaultMavenResourcesFiltering - skip non existing resourceDirectory E:\Spring\springcore\src\test\resources
2024-03-01 12:38:17,046 [Worker-4: Building] INFO  o.a.m.s.f.DefaultMavenResourcesFiltering - skip non existing resourceDirectory E:\Spring\springcore\src\main\resources
2024-03-01 12:38:17,048 [Worker-4: Building] INFO  o.a.m.s.f.DefaultMavenResourcesFiltering - skip non existing resourceDirectory E:\Spring\springcore\src\test\resources
2024-03-01 12:39:00,379 [Worker-5: Building] INFO  o.a.m.s.f.DefaultMavenResourcesFiltering - skip non existing resourceDirectory E:\Spring\springcore\src\main\resources
2024-03-01 12:39:00,381 [Worker-5: Building] INFO  o.a.m.s.f.DefaultMavenResourcesFiltering - skip non existing resourceDirectory E:\Spring\springcore\src\test\resources
2024-03-01 12:40:52,389 [Worker-11: Building] INFO  o.a.m.s.f.DefaultMavenResourcesFiltering - skip non existing resourceDirectory E:\Spring\springcore\src\main\resources
2024-03-01 12:40:52,390 [Worker-11: Building] INFO  o.a.m.s.f.DefaultMavenResourcesFiltering - skip non existing resourceDirectory E:\Spring\springcore\src\test\resources
2024-03-01 12:41:53,806 [Worker-13: Building] INFO  o.a.m.s.f.DefaultMavenResourcesFiltering - skip non existing resourceDirectory E:\Spring\springcore\src\main\resources
2024-03-01 12:41:53,808 [Worker-13: Building] INFO  o.a.m.s.f.DefaultMavenResourcesFiltering - skip non existing resourceDirectory E:\Spring\springcore\src\test\resources
2024-03-01 12:42:13,097 [Worker-11: Building] INFO  o.a.m.s.f.DefaultMavenResourcesFiltering - skip non existing resourceDirectory E:\Spring\springcore\src\main\resources
2024-03-01 12:42:13,100 [Worker-11: Building] INFO  o.a.m.s.f.DefaultMavenResourcesFiltering - skip non existing resourceDirectory E:\Spring\springcore\src\test\resources
2024-03-01 12:42:16,413 [Worker-13: Building] INFO  o.a.m.s.f.DefaultMavenResourcesFiltering - skip non existing resourceDirectory E:\Spring\springcore\src\main\resources
2024-03-01 12:42:16,415 [Worker-13: Building] INFO  o.a.m.s.f.DefaultMavenResourcesFiltering - skip non existing resourceDirectory E:\Spring\springcore\src\test\resources
2024-03-01 12:45:31,033 [Worker-11: Building] INFO  o.a.m.s.f.DefaultMavenResourcesFiltering - skip non existing resourceDirectory E:\Spring\springcore\src\main\resources
2024-03-01 12:45:31,035 [Worker-11: Building] INFO  o.a.m.s.f.DefaultMavenResourcesFiltering - skip non existing resourceDirectory E:\Spring\springcore\src\test\resources
2024-03-01 12:46:04,700 [Worker-4: Building] INFO  o.a.m.s.f.DefaultMavenResourcesFiltering - skip non existing resourceDirectory E:\Spring\springcore\src\main\resources
2024-03-01 12:46:04,701 [Worker-4: Building] INFO  o.a.m.s.f.DefaultMavenResourcesFiltering - skip non existing resourceDirectory E:\Spring\springcore\src\test\resources
2024-03-01 12:46:43,563 [Worker-27: Building] INFO  o.a.m.s.f.DefaultMavenResourcesFiltering - skip non existing resourceDirectory E:\Spring\springcore\src\main\resources
2024-03-01 12:46:43,565 [Worker-27: Building] INFO  o.a.m.s.f.DefaultMavenResourcesFiltering - skip non existing resourceDirectory E:\Spring\springcore\src\test\resources
2024-03-01 12:48:33,237 [Worker-22: Building] INFO  o.a.m.s.f.DefaultMavenResourcesFiltering - skip non existing resourceDirectory E:\Spring\springcore\src\main\resources
2024-03-01 12:48:33,240 [Worker-22: Building] INFO  o.a.m.s.f.DefaultMavenResourcesFiltering - skip non existing resourceDirectory E:\Spring\springcore\src\test\resources
2024-03-01 12:49:05,930 [Worker-27: Building] INFO  o.a.m.s.f.DefaultMavenResourcesFiltering - skip non existing resourceDirectory E:\Spring\springcore\src\main\resources
2024-03-01 12:49:05,931 [Worker-27: Building] INFO  o.a.m.s.f.DefaultMavenResourcesFiltering - skip non existing resourceDirectory E:\Spring\springcore\src\test\resources
